<?xml version="1.0" encoding="UTF-8"?>
<!-- Generated by org.testng.reporters.JUnitReportReporter -->
<testsuite hostname="LAPTOP-360P3OQH" failures="0" tests="1" name="com.practice.Apptest" time="0.011" errors="0" timestamp="2022-07-23T00:43:10 IST" skipped="0">
  <testcase classname="com.practice.Apptest" name="testlogin1" time="0.011"/>
  <system-out/>
</testsuite> <!-- com.practice.Apptest -->
